<?xml version="1.0" encoding="UTF-8"?>
<!-- Generated by org.testng.reporters.JUnitXMLReporter -->
<testsuite ignored="8" hostname="DESKTOP-O88MU2H" failures="0" tests="5" name="Test" time="80.338" errors="0" timestamp="2022-11-30T11:52:16 IST">
  <testcase classname="test_Scripts.LoginEmailTestCase_02" name="testScript1" time="0.943"/>
  <testcase classname="test_Scripts.ForgotPassword_TC_01" name="testScript1" time="20.714"/>
  <testcase classname="test_Scripts.LoginNumberTC_01" name="testScript1" time="0.578"/>
  <testcase classname="test_Scripts.LoginNumberFail_TC_01" name="testScript1" time="2.686"/>
  <testcase classname="test_Scripts.SignUp_TestCase_01" name="testScript1" time="25.782"/>
  <testcase classname="generic.Base_Test" name="@BeforeSuite beforeSuit" time="0.0">
    <ignored/>
  </testcase> <!-- @BeforeSuite beforeSuit -->
  <testcase classname="generic.Base_Test" name="@BeforeSuite beforeSuit" time="0.0">
    <ignored/>
  </testcase> <!-- @BeforeSuite beforeSuit -->
  <testcase classname="generic.Base_Test" name="@BeforeSuite beforeSuit" time="0.0">
    <ignored/>
  </testcase> <!-- @BeforeSuite beforeSuit -->
  <testcase classname="generic.Base_Test" name="@BeforeSuite beforeSuit" time="0.0">
    <ignored/>
  </testcase> <!-- @BeforeSuite beforeSuit -->
  <testcase classname="generic.Base_Test" name="@AfterSuite afterSuite" time="0.0">
    <ignored/>
  </testcase> <!-- @AfterSuite afterSuite -->
  <testcase classname="generic.Base_Test" name="@AfterSuite afterSuite" time="0.0">
    <ignored/>
  </testcase> <!-- @AfterSuite afterSuite -->
  <testcase classname="generic.Base_Test" name="@AfterSuite afterSuite" time="0.0">
    <ignored/>
  </testcase> <!-- @AfterSuite afterSuite -->
  <testcase classname="generic.Base_Test" name="@AfterSuite afterSuite" time="0.0">
    <ignored/>
  </testcase> <!-- @AfterSuite afterSuite -->
</testsuite> <!-- Test -->
